<?xml version="1.0" encoding="UTF-8"?>
<testsuite xmlns:xsi="http://www.w3.org/2001/XMLSchema-instance" xsi:noNamespaceSchemaLocation="https://maven.apache.org/surefire/maven-surefire-plugin/xsd/surefire-test-report.xsd" version="3.0.2" name="com.PinoyHeritage.Backend.BackendApplicationTests" time="5.908" tests="1" errors="0" skipped="0" failures="0">
  <properties>
[...]
</properties>
  <testcase name="contextLoads" classname="com.PinoyHeritage.Backend.BackendApplicationTests" time="0.298">
    <system-out><![CDATA[22:00:04.937 [main] INFO org.springframework.test.context.support.AnnotationConfigContextLoaderUtils -- Could not detect default configuration classes for test class [com.PinoyHeritage.Backend.BackendApplicationTests]: BackendApplicationTests does not declare any static, non-private, non-final, nested classes annotated with @Configuration.
22:00:05.051 [main] INFO org.springframework.boot.test.context.SpringBootTestContextBootstrapper -- Found @SpringBootConfiguration com.pinoyheritage.backend.BackendApplication for test class com.PinoyHeritage.Backend.BackendApplicationTests
22:00:05.250 [main] INFO org.springframework.boot.devtools.restart.RestartApplicationListener -- Restart disabled due to context in which it is running

  .   ____          _            __ _ _
 /\\ / ___'_ __ _ _(_)_ __  __ _ \ \ \ \
( ( )\___ | '_ | '_| | '_ \/ _` | \ \ \ \
 \\/  ___)| |_)| | | | | || (_| |  ) ) ) )
  '  |____| .__|_| |_|_| |_\__, | / / / /
 =========|_|==============|___/=/_/_/_/

 :: Spring Boot ::                (v3.5.7)

2025-11-16T22:00:05.465+08:00  INFO 8828 --- [Backend] [           main] c.P.Backend.BackendApplicationTests      : Starting BackendApplicationTests using Java 23 with PID 8828 (started by MB SECONG in C:\Users\MB SECONG\Downloads\MainPinoyHeritage\PinoyHeritage\Backend)
2025-11-16T22:00:05.466+08:00  INFO 8828 --- [Backend] [           main] c.P.Backend.BackendApplicationTests      : No active profile set, falling back to 1 default profile: "default"
2025-11-16T22:00:06.174+08:00  INFO 8828 --- [Backend] [           main] .s.d.r.c.RepositoryConfigurationDelegate : Bootstrapping Spring Data JPA repositories in DEFAULT mode.
2025-11-16T22:00:06.219+08:00  INFO 8828 --- [Backend] [           main] .s.d.r.c.RepositoryConfigurationDelegate : Finished Spring Data repository scanning in 36 ms. Found 1 JPA repository interface.
2025-11-16T22:00:06.660+08:00  INFO 8828 --- [Backend] [           main] o.hibernate.jpa.internal.util.LogHelper  : HHH000204: Processing PersistenceUnitInfo [name: default]
2025-11-16T22:00:06.704+08:00  INFO 8828 --- [Backend] [           main] org.hibernate.Version                    : HHH000412: Hibernate ORM core version 6.6.33.Final
2025-11-16T22:00:06.736+08:00  INFO 8828 --- [Backend] [           main] o.h.c.internal.RegionFactoryInitiator    : HHH000026: Second-level cache disabled
2025-11-16T22:00:07.003+08:00  INFO 8828 --- [Backend] [           main] o.s.o.j.p.SpringPersistenceUnitInfo      : No LoadTimeWeaver setup: ignoring JPA class transformer
2025-11-16T22:00:07.032+08:00  INFO 8828 --- [Backend] [           main] com.zaxxer.hikari.HikariDataSource       : HikariPool-1 - Starting...
2025-11-16T22:00:07.348+08:00  INFO 8828 --- [Backend] [           main] com.zaxxer.hikari.pool.HikariPool        : HikariPool-1 - Added connection com.mysql.cj.jdbc.ConnectionImpl@191e654
2025-11-16T22:00:07.350+08:00  INFO 8828 --- [Backend] [           main] com.zaxxer.hikari.HikariDataSource       : HikariPool-1 - Start completed.
2025-11-16T22:00:07.387+08:00  WARN 8828 --- [Backend] [           main] org.hibernate.orm.deprecation            : HHH90000025: MySQL8Dialect does not need to be specified explicitly using 'hibernate.dialect' (remove the property setting and it will be selected by default)
2025-11-16T22:00:07.388+08:00  WARN 8828 --- [Backend] [           main] org.hibernate.orm.deprecation            : HHH90000026: MySQL8Dialect has been deprecated; use org.hibernate.dialect.MySQLDialect instead
2025-11-16T22:00:07.402+08:00  INFO 8828 --- [Backend] [           main] org.hibernate.orm.connections.pooling    : HHH10001005: Database info:
	Database JDBC URL [Connecting through datasource 'HikariDataSource (HikariPool-1)']
	Database driver: undefined/unknown
	Database version: 8.0
	Autocommit mode: undefined/unknown
	Isolation level: undefined/unknown
	Minimum pool size: undefined/unknown
	Maximum pool size: undefined/unknown
2025-11-16T22:00:08.178+08:00  INFO 8828 --- [Backend] [           main] o.h.e.t.j.p.i.JtaPlatformInitiator       : HHH000489: No JTA platform available (set 'hibernate.transaction.jta.platform' to enable JTA platform integration)
Hibernate: create table admin (id bigint not null auto_increment, email varchar(255) not null, password varchar(255) not null, username varchar(255) not null, primary key (id)) engine=InnoDB
Hibernate: create table cart (id bigint not null auto_increment, customer_id bigint not null, primary key (id)) engine=InnoDB
Hibernate: create table cart_item (id bigint not null auto_increment, quantity integer not null, cart_id bigint not null, item_id bigint not null, primary key (id)) engine=InnoDB
Hibernate: create table category (id bigint not null auto_increment, name varchar(255) not null, primary key (id)) engine=InnoDB
Hibernate: create table customer (id bigint not null auto_increment, email varchar(255) not null, password varchar(255) not null, username varchar(255) not null, primary key (id)) engine=InnoDB
Hibernate: create table delivery (id bigint not null auto_increment, address varchar(255) not null, status varchar(255) not null, order_id bigint not null, primary key (id)) engine=InnoDB
Hibernate: create table item (id bigint not null auto_increment, description varchar(255) not null, name varchar(255) not null, price float(53) not null, category_id bigint not null, order_id bigint, primary key (id)) engine=InnoDB
Hibernate: create table order_table (id bigint not null auto_increment, total_amount float(53) not null, customer_id bigint not null, primary key (id)) engine=InnoDB
Hibernate: create table payment (id bigint not null auto_increment, method varchar(255) not null, status varchar(255) not null, order_id bigint not null, primary key (id)) engine=InnoDB
Hibernate: create table review (id bigint not null auto_increment, comment varchar(255) not null, rating integer not null, customer_id bigint not null, item_id bigint not null, primary key (id)) engine=InnoDB
Hibernate: alter table admin drop index UKgfn44sntic2k93auag97juyij
Hibernate: alter table admin add constraint UKgfn44sntic2k93auag97juyij unique (username)
Hibernate: alter table category drop index UK46ccwnsi9409t36lurvtyljak
Hibernate: alter table category add constraint UK46ccwnsi9409t36lurvtyljak unique (name)
Hibernate: alter table customer drop index UKirnrrncatp2fvw52vp45j7rlw
Hibernate: alter table customer add constraint UKirnrrncatp2fvw52vp45j7rlw unique (username)
Hibernate: alter table delivery drop index UK3bdrbd2jcybaaa5rxkj4s7vlk
Hibernate: alter table delivery add constraint UK3bdrbd2jcybaaa5rxkj4s7vlk unique (order_id)
Hibernate: alter table payment drop index UKmf7n8wo2rwrxsd6f3t9ub2mep
Hibernate: alter table payment add constraint UKmf7n8wo2rwrxsd6f3t9ub2mep unique (order_id)
Hibernate: alter table cart add constraint FKdebwvad6pp1ekiqy5jtixqbaj foreign key (customer_id) references customer (id)
Hibernate: alter table cart_item add constraint FK1uobyhgl1wvgt1jpccia8xxs3 foreign key (cart_id) references cart (id)
Hibernate: alter table cart_item add constraint FKdljf497fwm1f8eb1h8t6n50u9 foreign key (item_id) references item (id)
Hibernate: alter table delivery add constraint FKow0k0q8mipoqtop2l5lpam5j0 foreign key (order_id) references order_table (id)
Hibernate: alter table item add constraint FK2n9w8d0dp4bsfra9dcg0046l4 foreign key (category_id) references category (id)
Hibernate: alter table item add constraint FKifecq4kxptn4b9bvahbsiyr36 foreign key (order_id) references order_table (id)
Hibernate: alter table order_table add constraint FKdit09e676nqbguvt1k1w8mlj2 foreign key (customer_id) references customer (id)
Hibernate: alter table payment add constraint FK8p50pxqlca5tru4wjbqjp4vtm foreign key (order_id) references order_table (id)
Hibernate: alter table review add constraint FKgce54o0p6uugoc2tev4awewly foreign key (customer_id) references customer (id)
Hibernate: alter table review add constraint FK6hb6qqehnsm7mvfgv37m66hd7 foreign key (item_id) references item (id)
2025-11-16T22:00:09.351+08:00  INFO 8828 --- [Backend] [           main] j.LocalContainerEntityManagerFactoryBean : Initialized JPA EntityManagerFactory for persistence unit 'default'
2025-11-16T22:00:09.887+08:00  WARN 8828 --- [Backend] [           main] JpaBaseConfiguration$JpaWebConfiguration : spring.jpa.open-in-view is enabled by default. Therefore, database queries may be performed during view rendering. Explicitly configure spring.jpa.open-in-view to disable this warning
2025-11-16T22:00:10.411+08:00  INFO 8828 --- [Backend] [           main] c.P.Backend.BackendApplicationTests      : Started BackendApplicationTests in 5.17 seconds (process running for 6.039)
]]></system-out>
    <system-err><![CDATA[Mockito is currently self-attaching to enable the inline-mock-maker. This will no longer work in future releases of the JDK. Please add Mockito as an agent to your build as described in Mockito's documentation: https://javadoc.io/doc/org.mockito/mockito-core/latest/org.mockito/org/mockito/Mockito.html#0.3
WARNING: A Java agent has been loaded dynamically (C:\Users\MB SECONG\.m2\repository\net\bytebuddy\byte-buddy-agent\1.17.8\byte-buddy-agent-1.17.8.jar)
WARNING: If a serviceability tool is in use, please run with -XX:+EnableDynamicAgentLoading to hide this warning
WARNING: If a serviceability tool is not in use, please run with -Djdk.instrument.traceUsage for more information
WARNING: Dynamic loading of agents will be disallowed by default in a future release
]]></system-err>
  </testcase>
</testsuite>